<?xml version="1.0" encoding="UTF-8"?>
<testng-results ignored="1" total="4" passed="3" failed="0" skipped="0">
  <reporter-output>
  </reporter-output>
  <suite started-at="2023-09-21T03:39:37Z" name="Surefire suite" finished-at="2023-09-21T03:39:40Z" duration-ms="3766">
    <groups>
    </groups>
    <test started-at="2023-09-21T03:39:37Z" name="Surefire test" finished-at="2023-09-21T03:39:40Z" duration-ms="3766">
      <class name="com.marolix.MySampleTest">
        <test-method is-config="true" signature="setUp()[pri:0, instance:com.marolix.MySampleTest@3f6b0be5]" started-at="2023-09-21T03:39:40Z" name="setUp" finished-at="2023-09-21T03:39:40Z" duration-ms="118" status="PASS">
          <reporter-output>
          </reporter-output>
        </test-method> <!-- setUp -->
        <test-method signature="testEntity()[pri:0, instance:com.marolix.MySampleTest@3f6b0be5]" started-at="2023-09-21T03:39:40Z" name="testEntity" finished-at="2023-09-21T03:39:40Z" duration-ms="97" status="PASS">
          <reporter-output>
          </reporter-output>
        </test-method> <!-- testEntity -->
        <test-method is-config="true" signature="tearDown()[pri:0, instance:com.marolix.MySampleTest@3f6b0be5]" started-at="2023-09-21T03:39:40Z" name="tearDown" finished-at="2023-09-21T03:39:40Z" duration-ms="7" status="PASS">
          <reporter-output>
          </reporter-output>
        </test-method> <!-- tearDown -->
      </class> <!-- com.marolix.MySampleTest -->
      <class name="com.marolix.MySampleYamlTest">
        <test-method is-config="true" signature="setUp()[pri:0, instance:com.marolix.MySampleYamlTest@3b6ddd1d]" started-at="2023-09-21T03:39:37Z" name="setUp" finished-at="2023-09-21T03:39:39Z" duration-ms="1746" status="PASS">
          <reporter-output>
          </reporter-output>
        </test-method> <!-- setUp -->
        <test-method signature="testEntity()[pri:0, instance:com.marolix.MySampleYamlTest@3b6ddd1d]" started-at="2023-09-21T03:39:39Z" name="testEntity" finished-at="2023-09-21T03:39:39Z" duration-ms="841" status="PASS">
          <reporter-output>
          </reporter-output>
        </test-method> <!-- testEntity -->
        <test-method is-config="true" signature="tearDown()[pri:0, instance:com.marolix.MySampleYamlTest@3b6ddd1d]" started-at="2023-09-21T03:39:39Z" name="tearDown" finished-at="2023-09-21T03:39:39Z" duration-ms="44" status="PASS">
          <reporter-output>
          </reporter-output>
        </test-method> <!-- tearDown -->
        <test-method is-config="true" signature="setUp()[pri:0, instance:com.marolix.MySampleYamlTest@3b6ddd1d]" started-at="2023-09-21T03:39:39Z" name="setUp" finished-at="2023-09-21T03:39:39Z" duration-ms="66" status="PASS">
          <reporter-output>
          </reporter-output>
        </test-method> <!-- setUp -->
        <test-method signature="testUsingTestFramework()[pri:0, instance:com.marolix.MySampleYamlTest@3b6ddd1d]" started-at="2023-09-21T03:39:39Z" name="testUsingTestFramework" finished-at="2023-09-21T03:39:40Z" duration-ms="697" status="PASS">
          <reporter-output>
          </reporter-output>
        </test-method> <!-- testUsingTestFramework -->
        <test-method is-config="true" signature="tearDown()[pri:0, instance:com.marolix.MySampleYamlTest@3b6ddd1d]" started-at="2023-09-21T03:39:40Z" name="tearDown" finished-at="2023-09-21T03:39:40Z" duration-ms="70" status="PASS">
          <reporter-output>
          </reporter-output>
        </test-method> <!-- tearDown -->
      </class> <!-- com.marolix.MySampleYamlTest -->
    </test> <!-- Surefire test -->
  </suite> <!-- Surefire suite -->
</testng-results>
