<?xml version="1.0" encoding="UTF-8"?>
<!-- Generated by org.testng.reporters.JUnitReportReporter -->
<testsuite ignored="1" hostname="ip-172-31-26-193.ap-southeast-2.compute.internal" failures="0" tests="1" name="com.marolix.MySampleTest" time="0.222" errors="0" timestamp="21 Sep 2023 03:39:41 GMT" skipped="0">
  <testcase classname="com.marolix.MySampleTest" name="testEntity" time="0.222"/>
  <testcase classname="com.marolix.MySampleYamlTest" name="testViaCatalog">
    <skipped/>
  </testcase> <!-- testViaCatalog -->
</testsuite> <!-- com.marolix.MySampleTest -->
