<?xml version="1.0" encoding="UTF-8"?>
<!-- Generated by org.testng.reporters.JUnitReportReporter -->
<testsuite ignored="1" hostname="ip-172-31-26-193.ap-southeast-2.compute.internal" failures="0" tests="2" name="com.marolix.MySampleYamlTest" time="3.464" errors="0" timestamp="21 Sep 2023 03:39:41 GMT" skipped="0">
  <testcase classname="com.marolix.MySampleYamlTest" name="testEntity" time="0.951"/>
  <testcase classname="com.marolix.MySampleYamlTest" name="testUsingTestFramework" time="2.513"/>
  <testcase classname="com.marolix.MySampleYamlTest" name="testViaCatalog">
    <skipped/>
  </testcase> <!-- testViaCatalog -->
</testsuite> <!-- com.marolix.MySampleYamlTest -->
