<?xml version="1.0" encoding="UTF-8"?>
<!-- Generated by org.testng.reporters.JUnitXMLReporter -->
<testsuite ignored="1" hostname="ip-172-31-26-193.ap-southeast-2.compute.internal" failures="0" tests="3" name="Surefire test" time="3.766" errors="0" timestamp="21 Sep 2023 03:39:40 GMT">
  <testcase classname="com.marolix.MySampleYamlTest" name="testEntity" time="0.841"/>
  <testcase classname="com.marolix.MySampleYamlTest" name="testUsingTestFramework" time="0.697"/>
  <testcase classname="com.marolix.MySampleTest" name="testEntity" time="0.097"/>
  <testcase classname="com.marolix.MySampleYamlTest" name="testViaCatalog" time="0.0">
    <ignored/>
  </testcase> <!-- testViaCatalog -->
</testsuite> <!-- Surefire test -->
